<?xml version="1.0" encoding="utf-8" standalone="no"?>
<!--This file represents the results of running a test suite-->
<test-results name="D:/WORK/TestCI/Library/ScriptAssemblies/Assembly-CSharp.dll" total="6" errors="0" failures="0" not-run="1" inconclusive="0" ignored="1" skipped="0" invalid="0" date="2013-10-22" time="13:25:52">
  <environment nunit-version="1.0.0.0" clr-version="2.0.50727.1433" os-version="Microsoft Windows NT 6.1.7601.0" platform="Win32NT" cwd="D:\WORK\TestCI" machine-name="GLOOPS-PC-DV036" user="NH.PHUONG" user-domain="GLOOPS-PC-DV036" />
  <culture-info current-culture="en-US" current-uiculture="en-US" />
  <test-suite type="Assembly" name="D:/WORK/TestCI/Library/ScriptAssemblies/Assembly-CSharp.dll" executed="False" result="Ignored">
    <properties>
      <property name="_APPDOMAIN" value="Unity Child Domain" />
      <property name="_PID" value="5120" />
    </properties>
    <reason>
      <message><![CDATA[One or more child tests were ignored]]></message>
    </reason>
    <results>
      <test-suite type="TestFixture" name="TestPrimer" executed="False" result="Ignored">
        <reason>
          <message><![CDATA[One or more child tests were ignored]]></message>
        </reason>
        <results>
          <test-case name="Add" executed="True" result="Success" success="True" time="0.0090006" asserts="1" />
          <test-case name="AllSource01MembersLessThen5" executed="True" result="Success" success="True" time="0.0060003" asserts="3" />
          <test-case name="ExpectAnException" executed="True" result="Success" success="True" time="0.0010001" asserts="0" />
          <test-case name="IgnoredTest" executed="False" result="Ignored">
            <properties>
              <property name="_SKIPREASON" value="ignored test" />
            </properties>
            <reason>
              <message><![CDATA[ignored test]]></message>
            </reason>
          </test-case>
          <test-case name="SourcesAreEqual" executed="True" result="Success" success="True" time="0.0020001" asserts="3" />
          <test-case name="SourcesAreSubsetOfEachOther" executed="True" result="Success" success="True" time="0.0020001" asserts="2" />
        </results>
      </test-suite>
    </results>
  </test-suite>
</test-results>